<?xml version="1.0" encoding="UTF-8"?>
<!-- Generated by org.testng.reporters.JUnitReportReporter -->
<testsuite hostname="DESKTOP-VSGJCBU" failures="0" tests="3" name="TestNG_Learning.TestNG_Priority" time="0.017" errors="0" timestamp="22 Apr. 2018 09:31:22 GMT" skipped="0">
  <testcase classname="TestNG_Learning.TestNG_Priority" name="testng3" time="0.014"/>
  <testcase classname="TestNG_Learning.TestNG_Priority" name="testng2" time="0.002"/>
  <testcase classname="TestNG_Learning.TestNG_Priority" name="testng1" time="0.001"/>
</testsuite> <!-- TestNG_Learning.TestNG_Priority -->
