<?xml version="1.0" encoding="UTF-8"?>
<!-- Generated by org.testng.reporters.JUnitReportReporter -->
<testsuite hostname="DESKTOP-VSGJCBU" failures="0" tests="1" name="TestNG_Learning.TestNGBeforeAfterClass" time="0.048" errors="0" timestamp="23 Apr. 2018 09:15:31 GMT" skipped="0">
  <testcase classname="TestNG_Learning.TestNGBeforeAfterClass" name="Norman" time="0.048"/>
</testsuite> <!-- TestNG_Learning.TestNGBeforeAfterClass -->
