<?xml version="1.0" encoding="UTF-8"?>
<!-- Generated by org.testng.reporters.JUnitReportReporter -->
<testsuite hostname="DESKTOP-VSGJCBU" failures="0" tests="1" name="TestNG_Learning.AssertActualError" time="12.189" errors="0" timestamp="23 Apr. 2018 09:33:02 GMT" skipped="0">
  <testcase classname="TestNG_Learning.AssertActualError" name="CaptureErrorMSG" time="12.189"/>
</testsuite> <!-- TestNG_Learning.AssertActualError -->
