<?xml version="1.0" encoding="UTF-8"?>
<!-- Generated by org.testng.reporters.JUnitReportReporter -->
<testsuite hostname="DESKTOP-VSGJCBU" failures="0" tests="1" name="TestNG_Learning.TestNG_01" time="0.018" errors="0" timestamp="18 Apr. 2018 10:04:08 GMT" skipped="0">
  <testcase classname="TestNG_Learning.TestNG_01" name="Ronnie" time="0.018"/>
</testsuite> <!-- TestNG_Learning.TestNG_01 -->
