<?xml version="1.0" encoding="UTF-8"?>
<!-- Generated by org.testng.reporters.JUnitReportReporter -->
<testsuite hostname="DESKTOP-VSGJCBU" failures="0" tests="1" name="TestNG_Learning.ApachiPOI" time="0.780" errors="0" timestamp="30 Apr. 2018 08:14:08 GMT" skipped="0">
  <testcase classname="TestNG_Learning.ApachiPOI" name="ApachePOI" time="0.780"/>
</testsuite> <!-- TestNG_Learning.ApachiPOI -->
