<?xml version="1.0" encoding="UTF-8"?>
<!-- Generated by org.testng.reporters.JUnitReportReporter -->
<testsuite hostname="DESKTOP-VSGJCBU" failures="0" tests="4" name="TestNG_Learning.TestNG_02" time="0.024" errors="0" timestamp="18 Apr. 2018 10:13:50 GMT" skipped="0">
  <testcase classname="TestNG_Learning.TestNG_02" name="testNG1" time="0.000"/>
  <testcase classname="TestNG_Learning.TestNG_02" name="TestNG3" time="0.002"/>
  <testcase classname="TestNG_Learning.TestNG_02" name="TestNG2" time="0.019"/>
  <testcase classname="TestNG_Learning.TestNG_02" name="abc" time="0.003"/>
</testsuite> <!-- TestNG_Learning.TestNG_02 -->
