<?xml version="1.0" encoding="UTF-8"?>
<!-- Generated by org.testng.reporters.JUnitReportReporter -->
<testsuite hostname="DESKTOP-VSGJCBU" failures="0" tests="1" name="TestNG_Learning.TestNGAssert" time="6.896" errors="0" timestamp="19 Apr. 2018 09:52:33 GMT" skipped="0">
  <testcase classname="TestNG_Learning.TestNGAssert" name="VerifyPageTitel" time="6.896"/>
</testsuite> <!-- TestNG_Learning.TestNGAssert -->
